FDTD Solutions Version 8.11.337 (Windows 64bit)
 expires (month/day/year): 1/1/2025
current time: Thu Nov 24 14:48:20 2016
Running on host: SPROOT
All processes are communicating and ready to proceed to simulation...
Running fsp file: C:/Users/root/Desktop/hw2/HW2_2/CouplerGM500.fsp
number of processors is 4
processors are distributed as: 2x2x1
Running 3D Simulation
Starting meshing
Simulation size in gridpoints: 60 x 50 x 26
Refined 2685 mesh cells (3.44231%)
Completed meshing!
Meshing complete in 0 seconds of CPU time
Starting meshing
Simulation size in gridpoints: 60 x 50 x 26
Refined 2681 mesh cells (3.43718%)
Completed meshing!
Meshing complete in 0 seconds of CPU time
Starting meshing
Simulation size in gridpoints: 60 x 50 x 26
Refined 3038 mesh cells (3.89487%)
Completed meshing!
Meshing complete in 1 seconds of CPU time
finished material properties
-----------------------------------------
Beginning initialization of 3D Simulation
Starting to add sources to simulation
Adding 3D Mode Source propagating in X
Starting to add boundary conditions to simulation
Adding 3D PML BC
Adding 3D Parallel BC
Adding 3D PML BC
Adding 3D Parallel BC
Adding 3D PML BC
Adding 3D PML BC
Starting to add monitors to Simulation
Adding analysis monitor
Adding 3D DFT monitor
Finished initialization of 3D Simulation
-----------------------------------------
All processes are communicating and ready to proceed to simulation...
Starting 81240 total iterations
0% complete. Max time remaining: 10 mins, 9 secs. Auto Shutoff: 1
1% complete. Max time remaining: 9 mins, 28 secs. Auto Shutoff: 0.0078819
2% complete. Max time remaining: 9 mins, 9 secs. Auto Shutoff: 0.00308503
3% complete. Max time remaining: 8 mins, 56 secs. Auto Shutoff: 0.00161573
4% complete. Max time remaining: 8 mins, 55 secs. Auto Shutoff: 0.000793703
5% complete. Max time remaining: 8 mins, 47 secs. Auto Shutoff: 0.000387028
6% complete. Max time remaining: 8 mins, 37 secs. Auto Shutoff: 0.000188591
7% complete. Max time remaining: 8 mins, 33 secs. Auto Shutoff: 0.000133337
8% complete. Max time remaining: 8 mins, 30 secs. Auto Shutoff: 6.5576e-005
9% complete. Max time remaining: 8 mins, 28 secs. Auto Shutoff: 4.24013e-005
10% complete. Max time remaining: 8 mins, 26 secs. Auto Shutoff: 3.34741e-005
11% complete. Max time remaining: 8 mins, 23 secs. Auto Shutoff: 2.55395e-005
12% complete. Max time remaining: 8 mins, 20 secs. Auto Shutoff: 1.60846e-005
13% complete. Max time remaining: 8 mins, 22 secs. Auto Shutoff: 1.53503e-005
14% complete. Max time remaining: 8 mins, 20 secs. Auto Shutoff: 1.34231e-005
Early termination of simulation, the autoshutoff criteria are satisfied.
Completed 11736 iterations, or 1.44461e-012s of Simulation Time
Process 0 starting to collect data
    collecting monitor data
    collecting source data
Injecting in negative direction
Finished collecting data
Simulation completed successfully at: Thu Nov 24 14:49:46 2016
Overall wall time measurements in seconds:
    time to mesh and initialize: 2
    time to run FDTD simulation: 84
    time to finalize data and save to files: 0
    FDTD solver speed: 10.8977 Mnodes/s
    total FDTD solver speed on 4 processes: 43.5909 Mnodes/s
