FDTD Solutions Version 8.11.337 (Windows 64bit)
 expires (month/day/year): 1/1/2025
current time: Thu Nov 24 11:04:02 2016
Running on host: SPROOT
All processes are communicating and ready to proceed to simulation...
Running fsp file: C:/Users/root/Desktop/hw2/BIGTHIN/BigThin.fsp
number of processors is 4
processors are distributed as: 4x1x1
Running 3D Simulation
Starting meshing
Simulation size in gridpoints: 71 x 66 x 32
Refined 7601 mesh cells (5.06896%)
Completed meshing!
Meshing complete in 0 seconds of CPU time
Starting meshing
Simulation size in gridpoints: 71 x 66 x 32
Refined 7539 mesh cells (5.02761%)
Completed meshing!
Meshing complete in 1 seconds of CPU time
Starting meshing
Simulation size in gridpoints: 71 x 66 x 32
Refined 7510 mesh cells (5.00827%)
Completed meshing!
Meshing complete in 0 seconds of CPU time
finished material properties
-----------------------------------------
Beginning initialization of 3D Simulation
Starting to add sources to simulation
Adding 3D Mode Source propagating in X
Starting to add boundary conditions to simulation
Adding 3D PML BC
Adding 3D Parallel BC
Adding 3D PML BC
Adding 3D PML BC
Adding 3D PML BC
Adding 3D PML BC
Starting to add monitors to Simulation
Adding analysis monitor
Adding 3D DFT monitor
Adding 3D DFT monitor
Adding 3D DFT monitor
Finished initialization of 3D Simulation
-----------------------------------------
All processes are communicating and ready to proceed to simulation...
Starting 135266 total iterations
0% complete. Max time remaining: 33 mins, 0 secs. Auto Shutoff: 1
1% complete. Max time remaining: 30 mins, 48 secs. Auto Shutoff: 0.00202086
2% complete. Max time remaining: 29 mins, 42 secs. Auto Shutoff: 0.000458749
3% complete. Max time remaining: 28 mins, 56 secs. Auto Shutoff: 0.00034299
4% complete. Max time remaining: 28 mins, 28 secs. Auto Shutoff: 9.90997e-005
5% complete. Max time remaining: 28 mins, 22 secs. Auto Shutoff: 3.81864e-005
6% complete. Max time remaining: 28 mins, 8 secs. Auto Shutoff: 2.10261e-005
Early termination of simulation, the autoshutoff criteria are satisfied.
Completed 9092 iterations, or 6.72156e-013s of Simulation Time
Process 0 starting to collect data
    collecting monitor data
    collecting source data
Injecting in positive direction
Finished collecting data
Simulation completed successfully at: Thu Nov 24 11:06:06 2016
Overall wall time measurements in seconds:
    time to mesh and initialize: 3
    time to run FDTD simulation: 121
    time to finalize data and save to files: 0
    FDTD solver speed: 11.2675 Mnodes/s
    total FDTD solver speed on 4 processes: 45.0699 Mnodes/s
