FDTD Solutions Version 8.11.337 (Windows 64bit)
 expires (month/day/year): 1/1/2025
current time: Mon Nov 21 03:24:19 2016
Running on host: SPROOT
All processes are communicating and ready to proceed to simulation...
Running fsp file: C:/Users/root/Desktop/hw2/Coupler - Copy.fsp
number of processors is 4
processors are distributed as: 2x2x1
Running 3D Simulation
Starting meshing
Simulation size in gridpoints: 293 x 221 x 37
Refined 133180 mesh cells (5.55875%)
Completed meshing!
Meshing complete in 9 seconds of CPU time
Starting meshing
Simulation size in gridpoints: 293 x 221 x 37
Refined 133183 mesh cells (5.55888%)
Completed meshing!
Meshing complete in 10 seconds of CPU time
Starting meshing
Simulation size in gridpoints: 293 x 221 x 37
Refined 132744 mesh cells (5.54056%)
Completed meshing!
Meshing complete in 10 seconds of CPU time
finished material properties
-----------------------------------------
Beginning initialization of 3D Simulation
Starting to add sources to simulation
Adding 3D Mode Source propagating in X
Starting to add boundary conditions to simulation
Adding 3D PML BC
Adding 3D Parallel BC
Adding 3D PML BC
Adding 3D Parallel BC
Adding 3D PML BC
Adding 3D PML BC
Starting to add monitors to Simulation
Adding analysis monitor
Adding 3D DFT monitor
Finished initialization of 3D Simulation
-----------------------------------------
All processes are communicating and ready to proceed to simulation...
Starting 43879 total iterations
0% complete. Max time remaining: 1 hr, 58 mins, 30 secs. Auto Shutoff: 1
1% complete. Max time remaining: 2 hrs, 2 mins, 40 secs. Auto Shutoff: 1
Early termination of simulation, the autoshutoff criteria are satisfied.
Completed 760 iterations, or 1.73203e-014s of Simulation Time
Process 0 starting to collect data
    collecting monitor data
    collecting source data
Finished collecting data
Simulation completed successfully at: Mon Nov 21 03:27:06 2016
Overall wall time measurements in seconds:
    time to mesh and initialize: 37
    time to run FDTD simulation: 129
    time to finalize data and save to files: 1
    FDTD solver speed: 14.1152 Mnodes/s
    total FDTD solver speed on 4 processes: 56.4606 Mnodes/s
