FDTD Solutions Version 8.11.337 (Windows 64bit)
 expires (month/day/year): 1/1/2025
current time: Mon Nov 21 02:46:14 2016
Running on host: SPROOT
All processes are communicating and ready to proceed to simulation...
Running fsp file: C:/Users/root/Desktop/hw2/WG2 - Copy.fsp
number of processors is 4
processors are distributed as: 4x1x1
Running 3D Simulation
Starting meshing
Simulation size in gridpoints: 73 x 66 x 32
Refined 7849 mesh cells (5.09094%)
Completed meshing!
Meshing complete in 0 seconds of CPU time
Starting meshing
Simulation size in gridpoints: 73 x 66 x 32
Refined 7789 mesh cells (5.05202%)
Completed meshing!
Meshing complete in 1 seconds of CPU time
Starting meshing
Simulation size in gridpoints: 73 x 66 x 32
Refined 7758 mesh cells (5.03191%)
Completed meshing!
Meshing complete in 1 seconds of CPU time
finished material properties
-----------------------------------------
Beginning initialization of 3D Simulation
Starting to add sources to simulation
Adding 3D Mode Source propagating in X
Starting to add boundary conditions to simulation
Adding 3D PML BC
Adding 3D Parallel BC
Adding 3D PML BC
Adding 3D PML BC
Adding 3D PML BC
Adding 3D PML BC
Starting to add monitors to Simulation
Adding analysis monitor
Adding 3D DFT monitor
Finished initialization of 3D Simulation
-----------------------------------------
All processes are communicating and ready to proceed to simulation...
Starting 136291 total iterations
0% complete. Max time remaining: 40 mins, 41 secs. Auto Shutoff: 1
1% complete. Max time remaining: 39 mins, 10 secs. Auto Shutoff: 0.0021556
2% complete. Max time remaining: 38 mins, 20 secs. Auto Shutoff: 0.000481389
3% complete. Max time remaining: 38 mins, 17 secs. Auto Shutoff: 0.000375407
4% complete. Max time remaining: 38 mins, 28 secs. Auto Shutoff: 0.000127465
5% complete. Max time remaining: 38 mins, 21 secs. Auto Shutoff: 8.04596e-005
6% complete. Max time remaining: 38 mins, 27 secs. Auto Shutoff: 2.93454e-005
7% complete. Max time remaining: 38 mins, 24 secs. Auto Shutoff: 1.2826e-005
Early termination of simulation, the autoshutoff criteria are satisfied.
Completed 9703 iterations, or 7.1193e-013s of Simulation Time
Process 0 starting to collect data
    collecting monitor data
    collecting source data
Injecting in positive direction
Finished collecting data
Simulation completed successfully at: Mon Nov 21 02:49:15 2016
Overall wall time measurements in seconds:
    time to mesh and initialize: 4
    time to run FDTD simulation: 176
    time to finalize data and save to files: 1
    FDTD solver speed: 8.49983 Mnodes/s
    total FDTD solver speed on 4 processes: 33.9993 Mnodes/s
