FDTD Solutions Version 8.11.337 (Windows 64bit)
 expires (month/day/year): 1/1/2025
current time: Wed Nov 23 09:51:24 2016
Running on host: SPROOT
All processes are communicating and ready to proceed to simulation...
Running fsp file: C:/Users/root/Desktop/hw2/WG2 - Copy - modey -2.fsp
number of processors is 4
processors are distributed as: 4x1x1
Running 3D Simulation
Starting meshing
Simulation size in gridpoints: 60 x 58 x 29
Refined 5237 mesh cells (5.18926%)
Completed meshing!
Meshing complete in 0 seconds of CPU time
Starting meshing
Simulation size in gridpoints: 60 x 58 x 29
Refined 5186 mesh cells (5.13872%)
Completed meshing!
Meshing complete in 1 seconds of CPU time
Starting meshing
Simulation size in gridpoints: 60 x 58 x 29
Refined 5107 mesh cells (5.06044%)
Completed meshing!
Meshing complete in 0 seconds of CPU time
finished material properties
-----------------------------------------
Beginning initialization of 3D Simulation
Starting to add sources to simulation
Adding 3D Mode Source propagating in X
Starting to add boundary conditions to simulation
Adding 3D PML BC
Adding 3D Parallel BC
Adding 3D PML BC
Adding 3D PML BC
Adding 3D PML BC
Adding 3D PML BC
Starting to add monitors to Simulation
Adding analysis monitor
Adding 3D DFT monitor
Finished initialization of 3D Simulation
-----------------------------------------
All processes are communicating and ready to proceed to simulation...
Starting 109512 total iterations
0% complete. Max time remaining: 15 mins, 28 secs. Auto Shutoff: 1
1% complete. Max time remaining: 15 mins, 50 secs. Auto Shutoff: 0.00156907
2% complete. Max time remaining: 16 mins, 12 secs. Auto Shutoff: 0.000311728
3% complete. Max time remaining: 15 mins, 53 secs. Auto Shutoff: 0.000231202
4% complete. Max time remaining: 15 mins, 40 secs. Auto Shutoff: 7.11543e-005
5% complete. Max time remaining: 15 mins, 40 secs. Auto Shutoff: 3.57744e-005
6% complete. Max time remaining: 15 mins, 29 secs. Auto Shutoff: 1.41649e-005
Early termination of simulation, the autoshutoff criteria are satisfied.
Completed 7139 iterations, or 6.51892e-013s of Simulation Time
Process 0 starting to collect data
    collecting monitor data
    collecting source data
Injecting in positive direction
Finished collecting data
Simulation completed successfully at: Wed Nov 23 09:52:31 2016
Overall wall time measurements in seconds:
    time to mesh and initialize: 3
    time to run FDTD simulation: 64
    time to finalize data and save to files: 0
    FDTD solver speed: 11.2573 Mnodes/s
    total FDTD solver speed on 4 processes: 45.0292 Mnodes/s
