FDTD Solutions Version 8.11.337 (Windows 64bit)
 expires (month/day/year): 1/1/2025
current time: Fri Nov 18 22:08:48 2016
Running on host: SPROOT
All processes are communicating and ready to proceed to simulation...
Running fsp file: C:/Users/root/Desktop/hw2/WG2.fsp
number of processors is 4
processors are distributed as: 4x1x1
Running 3D Simulation
Starting meshing
Simulation size in gridpoints: 75 x 83 x 32
Refined 5890 mesh cells (2.95683%)
Completed meshing!
Meshing complete in 0 seconds of CPU time
Starting meshing
Simulation size in gridpoints: 75 x 83 x 32
Refined 5922 mesh cells (2.97289%)
Completed meshing!
Meshing complete in 1 seconds of CPU time
Starting meshing
Simulation size in gridpoints: 75 x 83 x 32
Refined 4801 mesh cells (2.41014%)
Completed meshing!
Meshing complete in 0 seconds of CPU time
finished material properties
-----------------------------------------
Beginning initialization of 3D Simulation
Starting to add sources to simulation
Adding 3D Mode Source propagating in X
Starting to add boundary conditions to simulation
Adding 3D PML BC
Adding 3D Parallel BC
Adding 3D PML BC
Adding 3D PML BC
Adding 3D PML BC
Adding 3D PML BC
Starting to add monitors to Simulation
Adding analysis monitor
Adding 3D DFT monitor
Finished initialization of 3D Simulation
-----------------------------------------
All processes are communicating and ready to proceed to simulation...
Starting 135266 total iterations
0% complete. Max time remaining: 41 mins, 5 secs. Auto Shutoff: 1
1% complete. Max time remaining: 39 mins, 30 secs. Auto Shutoff: 0.000510429
2% complete. Max time remaining: 38 mins, 22 secs. Auto Shutoff: 0.0166326
3% complete. Max time remaining: 37 mins, 41 secs. Auto Shutoff: 0.722498
