FDTD Solutions Version 8.11.337 (Windows 64bit)
 expires (month/day/year): 1/1/2025
current time: Wed Nov 16 11:01:41 2016
Running on host: SPROOT
All processes are communicating and ready to proceed to simulation...
Running fsp file: C:/Users/root/Desktop/hw2/WTW.fsp
number of processors is 4
processors are distributed as: 4x1x1
Running 3D Simulation
Starting meshing
Simulation size in gridpoints: 45 x 59 x 29
Refined 2438 mesh cells (3.16644%)
Completed meshing!
Meshing complete in 0 seconds of CPU time
Starting meshing
Simulation size in gridpoints: 45 x 59 x 29
Refined 2438 mesh cells (3.16644%)
Completed meshing!
Meshing complete in 0 seconds of CPU time
Starting meshing
Simulation size in gridpoints: 45 x 59 x 29
Refined 2398 mesh cells (3.11449%)
Completed meshing!
Meshing complete in 0 seconds of CPU time
finished material properties
-----------------------------------------
Beginning initialization of 3D Simulation
Starting to add sources to simulation
Adding 3D Mode Source propagating in X
Starting to add boundary conditions to simulation
Adding 3D PML BC
Adding 3D Parallel BC
Adding 3D PML BC
Adding 3D PML BC
Adding 3D PML BC
Adding 3D PML BC
Starting to add monitors to Simulation
Adding analysis monitor
Adding 3D movie monitor
Finished initialization of 3D Simulation
-----------------------------------------
All processes are communicating and ready to proceed to simulation...
Starting 78464 total iterations
0% complete. Max time remaining: 10 mins, 39 secs. Auto Shutoff: 1
1% complete. Max time remaining: 10 mins, 48 secs. Auto Shutoff: 0.000120419
Early termination of simulation, the autoshutoff criteria are satisfied.
Completed 1017 iterations, or 1.29614e-013s of Simulation Time
Process 0 starting to collect data
    collecting monitor data
    collecting source data
Injecting in positive direction
Finished collecting data
Simulation completed successfully at: Wed Nov 16 11:01:51 2016
Overall wall time measurements in seconds:
    time to mesh and initialize: 1
    time to run FDTD simulation: 9
    time to finalize data and save to files: 0
    FDTD solver speed: 8.70043 Mnodes/s
    total FDTD solver speed on 4 processes: 34.8017 Mnodes/s
